[ 2016-07-14T11:30:30+08:00 ] 127.0.0.1 /thinkphp_3/Application3/go/index.php?m=user&a=login
INFO: [ app_init ] --START--
INFO: Run Behavior\BuildLiteBehavior [ RunTime:0.000007s ]
INFO: [ app_init ] --END-- [ RunTime:0.000185s ]
ERR: 无法加载模块:User

[ 2016-07-14T11:31:26+08:00 ] 127.0.0.1 /thinkphp_3/Application3/go/index.php?m=User&a=login
INFO: [ app_init ] --START--
INFO: Run Behavior\BuildLiteBehavior [ RunTime:0.000018s ]
INFO: [ app_init ] --END-- [ RunTime:0.000740s ]
ERR: 无法加载模块:User

[ 2016-07-14T11:33:56+08:00 ] 127.0.0.1 /thinkphp_3/Application3/go/index.php?m=User&a=login
INFO: [ app_init ] --START--
INFO: Run Behavior\BuildLiteBehavior [ RunTime:0.000021s ]
INFO: [ app_init ] --END-- [ RunTime:0.012205s ]
ERR: 无法加载模块:User

[ 2016-07-14T11:35:31+08:00 ] 127.0.0.1 /thinkphp_3/Application3/go/index.php?m=User&a=login
INFO: [ app_init ] --START--
INFO: Run Behavior\BuildLiteBehavior [ RunTime:0.000005s ]
INFO: [ app_init ] --END-- [ RunTime:0.000160s ]
ERR: 无法加载模块:User

[ 2016-07-14T11:41:02+08:00 ] 127.0.0.1 /thinkphp_3/Application3/go/index.php?m=User&a=login
INFO: [ app_init ] --START--
INFO: Run Behavior\BuildLiteBehavior [ RunTime:0.000008s ]
INFO: [ app_init ] --END-- [ RunTime:0.000491s ]
ERR: 无法加载模块:User

[ 2016-07-14T11:41:25+08:00 ] 127.0.0.1 /thinkphp_3/Application3/go/index.php?m=User&a=login
INFO: [ app_init ] --START--
INFO: Run Behavior\BuildLiteBehavior [ RunTime:0.000006s ]
INFO: [ app_init ] --END-- [ RunTime:0.000156s ]
ERR: 无法加载模块:User

[ 2016-07-14T11:53:55+08:00 ] 127.0.0.1 /thinkphp_3/Application3/go/index.php/home?m=User&a=login
INFO: [ app_init ] --START--
INFO: Run Behavior\BuildLiteBehavior [ RunTime:0.000011s ]
INFO: [ app_init ] --END-- [ RunTime:0.011882s ]
ERR: 无法加载模块:User

[ 2016-07-14T11:53:59+08:00 ] 127.0.0.1 /thinkphp_3/Application3/go/index.php/home?m=User&a=login
INFO: [ app_init ] --START--
INFO: Run Behavior\BuildLiteBehavior [ RunTime:0.000010s ]
INFO: [ app_init ] --END-- [ RunTime:0.000233s ]
ERR: 无法加载模块:User

[ 2016-07-14T11:58:27+08:00 ] 127.0.0.1 /thinkphp_3/Application3/go/index.php?m=User&a=login
INFO: [ app_init ] --START--
INFO: Run Behavior\BuildLiteBehavior [ RunTime:0.000007s ]
INFO: [ app_init ] --END-- [ RunTime:0.000215s ]
ERR: 无法加载模块:User

[ 2016-07-14T11:58:28+08:00 ] 127.0.0.1 /thinkphp_3/Application3/go/index.php?m=User&a=login
INFO: [ app_init ] --START--
INFO: Run Behavior\BuildLiteBehavior [ RunTime:0.000006s ]
INFO: [ app_init ] --END-- [ RunTime:0.000179s ]
ERR: 无法加载模块:User

[ 2016-07-14T11:58:41+08:00 ] 127.0.0.1 /thinkphp_3/Application3/go/index.php?m=User&a=login
INFO: [ app_init ] --START--
INFO: Run Behavior\BuildLiteBehavior [ RunTime:0.000008s ]
INFO: [ app_init ] --END-- [ RunTime:0.000427s ]
ERR: 无法加载模块:User

[ 2016-07-14T11:59:14+08:00 ] 127.0.0.1 /thinkphp_3/Application3/go/index.php?m=User&a=login
INFO: [ app_init ] --START--
INFO: Run Behavior\BuildLiteBehavior [ RunTime:0.000016s ]
INFO: [ app_init ] --END-- [ RunTime:0.011610s ]
ERR: 无法加载模块:User

[ 2016-07-14T12:09:01+08:00 ] 127.0.0.1 /thinkphp_3/Application3/go/index.php/User/login
INFO: [ app_init ] --START--
INFO: Run Behavior\BuildLiteBehavior [ RunTime:0.000009s ]
INFO: [ app_init ] --END-- [ RunTime:0.000287s ]
ERR: 无法加载模块:User

[ 2016-07-14T12:09:03+08:00 ] 127.0.0.1 /thinkphp_3/Application3/go/index.php/User/login
INFO: [ app_init ] --START--
INFO: Run Behavior\BuildLiteBehavior [ RunTime:0.000005s ]
INFO: [ app_init ] --END-- [ RunTime:0.000151s ]
ERR: 无法加载模块:User

[ 2016-07-14T12:09:07+08:00 ] 127.0.0.1 /thinkphp_3/Application3/go/index.php/user/login
INFO: [ app_init ] --START--
INFO: Run Behavior\BuildLiteBehavior [ RunTime:0.000006s ]
INFO: [ app_init ] --END-- [ RunTime:0.000166s ]
ERR: 无法加载模块:User

[ 2016-07-14T12:34:46+08:00 ] 127.0.0.1 /thinkphp_3/Application3/go/index.php/user/login
INFO: [ app_init ] --START--
INFO: Run Behavior\BuildLiteBehavior [ RunTime:0.000015s ]
INFO: [ app_init ] --END-- [ RunTime:0.011676s ]
ERR: 无法加载模块:User

[ 2016-07-14T12:35:33+08:00 ] 127.0.0.1 /thinkphp_3/Application3/go/index.php/user/login
INFO: [ app_init ] --START--
INFO: Run Behavior\BuildLiteBehavior [ RunTime:0.000016s ]
INFO: [ app_init ] --END-- [ RunTime:0.012487s ]
ERR: 无法加载模块:User

[ 2016-07-14T12:35:33+08:00 ] 127.0.0.1 /thinkphp_3/Application3/go/index.php/User/login
INFO: [ app_init ] --START--
INFO: Run Behavior\BuildLiteBehavior [ RunTime:0.000008s ]
INFO: [ app_init ] --END-- [ RunTime:0.000214s ]
ERR: 无法加载模块:User

[ 2016-07-14T12:37:30+08:00 ] 127.0.0.1 /thinkphp_3/Application3/go/index.php/User/login
INFO: [ app_init ] --START--
INFO: Run Behavior\BuildLiteBehavior [ RunTime:0.000014s ]
INFO: [ app_init ] --END-- [ RunTime:0.006884s ]
ERR: 无法加载模块:User

[ 2016-07-14T12:37:31+08:00 ] 127.0.0.1 /thinkphp_3/Application3/go/index.php/User/login
INFO: [ app_init ] --START--
INFO: Run Behavior\BuildLiteBehavior [ RunTime:0.000008s ]
INFO: [ app_init ] --END-- [ RunTime:0.000259s ]
ERR: 无法加载模块:User

[ 2016-07-14T16:10:15+08:00 ] 127.0.0.1 /thinkphp_3/Application3/go/index.php/User/login
INFO: [ app_init ] --START--
INFO: Run Behavior\BuildLiteBehavior [ RunTime:0.000007s ]
INFO: [ app_init ] --END-- [ RunTime:0.000226s ]
ERR: 无法加载模块:User

[ 2016-07-14T16:10:15+08:00 ] 127.0.0.1 /thinkphp_3/Application3/go/index.php/User/login
INFO: [ app_init ] --START--
INFO: Run Behavior\BuildLiteBehavior [ RunTime:0.000007s ]
INFO: [ app_init ] --END-- [ RunTime:0.000174s ]
ERR: 无法加载模块:User

[ 2016-07-14T16:10:24+08:00 ] 127.0.0.1 /thinkphp_3/Application3/go/index.php/User/login
INFO: [ app_init ] --START--
INFO: Run Behavior\BuildLiteBehavior [ RunTime:0.000009s ]
INFO: [ app_init ] --END-- [ RunTime:0.000236s ]
ERR: 无法加载模块:User

[ 2016-07-14T16:36:37+08:00 ] 127.0.0.1 /thinkphp_3/Application3/go/index.php/user/login
INFO: [ app_init ] --START--
INFO: Run Behavior\BuildLiteBehavior [ RunTime:0.000019s ]
INFO: [ app_init ] --END-- [ RunTime:0.000940s ]
ERR: 无法加载模块:User

[ 2016-07-14T16:36:37+08:00 ] 127.0.0.1 /thinkphp_3/Application3/go/index.php/user/login
INFO: [ app_init ] --START--
INFO: Run Behavior\BuildLiteBehavior [ RunTime:0.000007s ]
INFO: [ app_init ] --END-- [ RunTime:0.000188s ]
ERR: 无法加载模块:User

[ 2016-07-14T16:38:02+08:00 ] 127.0.0.1 /thinkphp_3/Application3/go/index.php/User/login
INFO: [ app_init ] --START--
INFO: Run Behavior\BuildLiteBehavior [ RunTime:0.000009s ]
INFO: [ app_init ] --END-- [ RunTime:0.000238s ]
ERR: 无法加载模块:User

[ 2016-07-14T16:38:03+08:00 ] 127.0.0.1 /thinkphp_3/Application3/go/index.php/User/login
INFO: [ app_init ] --START--
INFO: Run Behavior\BuildLiteBehavior [ RunTime:0.000006s ]
INFO: [ app_init ] --END-- [ RunTime:0.000168s ]
ERR: 无法加载模块:User

[ 2016-07-14T18:17:55+08:00 ] 127.0.0.1 /thinkphp_3/Application3/go/index.php/User/login
INFO: [ app_init ] --START--
INFO: Run Behavior\BuildLiteBehavior [ RunTime:0.000021s ]
INFO: [ app_init ] --END-- [ RunTime:0.017751s ]
ERR: 无法加载模块:User

[ 2016-07-14T18:25:49+08:00 ] 127.0.0.1 /thinkphp_3/Application3/go/index.php/User/login
INFO: [ app_init ] --START--
INFO: Run Behavior\BuildLiteBehavior [ RunTime:0.000006s ]
INFO: [ app_init ] --END-- [ RunTime:0.000177s ]
ERR: 无法加载模块:User

